0 info it worked if it ends with ok
1 verbose cli [ '/usr/local/bin/node',
1 verbose cli   '/usr/local/bin/npm',
1 verbose cli   'install',
1 verbose cli   'pip',
1 verbose cli   'install',
1 verbose cli   'pyserial' ]
2 info using npm@3.9.5
3 info using node@v6.2.2
4 verbose config Skipping project config: /Users/pilssalgi/.npmrc. (matches userconfig)
5 silly loadCurrentTree Starting
6 silly install loadCurrentTree
7 silly install readLocalPackageData
8 silly fetchPackageMetaData pip
9 silly fetchPackageMetaData install
10 silly fetchPackageMetaData pyserial
11 silly fetchNamedPackageData pip
12 silly mapToRegistry name pip
13 silly mapToRegistry using default registry
14 silly mapToRegistry registry https://registry.npmjs.org/
15 silly mapToRegistry data Result {
15 silly mapToRegistry   raw: 'pip',
15 silly mapToRegistry   scope: null,
15 silly mapToRegistry   name: 'pip',
15 silly mapToRegistry   rawSpec: '',
15 silly mapToRegistry   spec: 'latest',
15 silly mapToRegistry   type: 'tag' }
16 silly mapToRegistry uri https://registry.npmjs.org/pip
17 silly fetchNamedPackageData install
18 silly mapToRegistry name install
19 silly mapToRegistry using default registry
20 silly mapToRegistry registry https://registry.npmjs.org/
21 silly mapToRegistry data Result {
21 silly mapToRegistry   raw: 'install',
21 silly mapToRegistry   scope: null,
21 silly mapToRegistry   name: 'install',
21 silly mapToRegistry   rawSpec: '',
21 silly mapToRegistry   spec: 'latest',
21 silly mapToRegistry   type: 'tag' }
22 silly mapToRegistry uri https://registry.npmjs.org/install
23 silly fetchNamedPackageData pyserial
24 silly mapToRegistry name pyserial
25 silly mapToRegistry using default registry
26 silly mapToRegistry registry https://registry.npmjs.org/
27 silly mapToRegistry data Result {
27 silly mapToRegistry   raw: 'pyserial',
27 silly mapToRegistry   scope: null,
27 silly mapToRegistry   name: 'pyserial',
27 silly mapToRegistry   rawSpec: '',
27 silly mapToRegistry   spec: 'latest',
27 silly mapToRegistry   type: 'tag' }
28 silly mapToRegistry uri https://registry.npmjs.org/pyserial
29 verbose request uri https://registry.npmjs.org/pip
30 verbose request no auth needed
31 info attempt registry request try #1 at 6:36:11 PM
32 verbose request id bb06a1220a92da97
33 http request GET https://registry.npmjs.org/pip
34 verbose request uri https://registry.npmjs.org/pyserial
35 verbose request no auth needed
36 info attempt registry request try #1 at 6:36:11 PM
37 http request GET https://registry.npmjs.org/pyserial
38 verbose request uri https://registry.npmjs.org/install
39 verbose request no auth needed
40 info attempt registry request try #1 at 6:36:11 PM
41 verbose etag W/"590b5905-11548"
42 verbose lastModified Thu, 04 May 2017 16:38:29 GMT
43 http request GET https://registry.npmjs.org/install
44 http 200 https://registry.npmjs.org/install
45 verbose headers { server: 'nginx/1.10.3',
45 verbose headers   'content-type': 'application/json',
45 verbose headers   'last-modified': 'Tue, 09 May 2017 16:45:43 GMT',
45 verbose headers   etag: 'W/"5911f237-11a8c"',
45 verbose headers   'content-encoding': 'gzip',
45 verbose headers   'cache-control': 'max-age=300',
45 verbose headers   'content-length': '8602',
45 verbose headers   'accept-ranges': 'bytes',
45 verbose headers   date: 'Mon, 19 Jun 2017 09:32:50 GMT',
45 verbose headers   via: '1.1 varnish',
45 verbose headers   age: '0',
45 verbose headers   connection: 'keep-alive',
45 verbose headers   'x-served-by': 'cache-nrt6135-NRT',
45 verbose headers   'x-cache': 'HIT',
45 verbose headers   'x-cache-hits': '1',
45 verbose headers   'x-timer': 'S1497864770.022527,VS0,VE133',
45 verbose headers   vary: 'Accept-Encoding' }
46 silly get cb [ 200,
46 silly get   { server: 'nginx/1.10.3',
46 silly get     'content-type': 'application/json',
46 silly get     'last-modified': 'Tue, 09 May 2017 16:45:43 GMT',
46 silly get     etag: 'W/"5911f237-11a8c"',
46 silly get     'content-encoding': 'gzip',
46 silly get     'cache-control': 'max-age=300',
46 silly get     'content-length': '8602',
46 silly get     'accept-ranges': 'bytes',
46 silly get     date: 'Mon, 19 Jun 2017 09:32:50 GMT',
46 silly get     via: '1.1 varnish',
46 silly get     age: '0',
46 silly get     connection: 'keep-alive',
46 silly get     'x-served-by': 'cache-nrt6135-NRT',
46 silly get     'x-cache': 'HIT',
46 silly get     'x-cache-hits': '1',
46 silly get     'x-timer': 'S1497864770.022527,VS0,VE133',
46 silly get     vary: 'Accept-Encoding' } ]
47 verbose get saving install to /Users/pilssalgi/.npm/registry.npmjs.org/install/.cache.json
48 verbose correctMkdir /Users/pilssalgi/.npm correctMkdir not in flight; initializing
49 http 200 https://registry.npmjs.org/pip
50 verbose headers { server: 'nginx/1.10.1',
50 verbose headers   'content-type': 'application/json',
50 verbose headers   'last-modified': 'Thu, 02 Aug 2012 13:44:35 GMT',
50 verbose headers   etag: 'W/"501a8443-b64"',
50 verbose headers   'content-encoding': 'gzip',
50 verbose headers   'cache-control': 'max-age=300',
50 verbose headers   'content-length': '1274',
50 verbose headers   'accept-ranges': 'bytes',
50 verbose headers   date: 'Mon, 19 Jun 2017 09:32:50 GMT',
50 verbose headers   via: '1.1 varnish',
50 verbose headers   age: '0',
50 verbose headers   connection: 'keep-alive',
50 verbose headers   'x-served-by': 'cache-nrt6128-NRT',
50 verbose headers   'x-cache': 'MISS',
50 verbose headers   'x-cache-hits': '0',
50 verbose headers   'x-timer': 'S1497864770.020382,VS0,VE153',
50 verbose headers   vary: 'Accept-Encoding' }
51 silly get cb [ 200,
51 silly get   { server: 'nginx/1.10.1',
51 silly get     'content-type': 'application/json',
51 silly get     'last-modified': 'Thu, 02 Aug 2012 13:44:35 GMT',
51 silly get     etag: 'W/"501a8443-b64"',
51 silly get     'content-encoding': 'gzip',
51 silly get     'cache-control': 'max-age=300',
51 silly get     'content-length': '1274',
51 silly get     'accept-ranges': 'bytes',
51 silly get     date: 'Mon, 19 Jun 2017 09:32:50 GMT',
51 silly get     via: '1.1 varnish',
51 silly get     age: '0',
51 silly get     connection: 'keep-alive',
51 silly get     'x-served-by': 'cache-nrt6128-NRT',
51 silly get     'x-cache': 'MISS',
51 silly get     'x-cache-hits': '0',
51 silly get     'x-timer': 'S1497864770.020382,VS0,VE153',
51 silly get     vary: 'Accept-Encoding' } ]
52 verbose get saving pip to /Users/pilssalgi/.npm/registry.npmjs.org/pip/.cache.json
53 verbose correctMkdir /Users/pilssalgi/.npm correctMkdir not in flight; initializing
54 http 404 https://registry.npmjs.org/pyserial
55 verbose headers { 'content-type': 'application/json',
55 verbose headers   'cache-control': 'max-age=0',
55 verbose headers   'content-length': '2',
55 verbose headers   'accept-ranges': 'bytes',
55 verbose headers   date: 'Mon, 19 Jun 2017 09:32:51 GMT',
55 verbose headers   via: '1.1 varnish',
55 verbose headers   age: '0',
55 verbose headers   connection: 'keep-alive',
55 verbose headers   'x-served-by': 'cache-nrt6127-NRT',
55 verbose headers   'x-cache': 'MISS',
55 verbose headers   'x-cache-hits': '0',
55 verbose headers   'x-timer': 'S1497864770.022584,VS0,VE1417',
55 verbose headers   vary: 'Accept-Encoding' }
56 silly get cb [ 404,
56 silly get   { 'content-type': 'application/json',
56 silly get     'cache-control': 'max-age=0',
56 silly get     'content-length': '2',
56 silly get     'accept-ranges': 'bytes',
56 silly get     date: 'Mon, 19 Jun 2017 09:32:51 GMT',
56 silly get     via: '1.1 varnish',
56 silly get     age: '0',
56 silly get     connection: 'keep-alive',
56 silly get     'x-served-by': 'cache-nrt6127-NRT',
56 silly get     'x-cache': 'MISS',
56 silly get     'x-cache-hits': '0',
56 silly get     'x-timer': 'S1497864770.022584,VS0,VE1417',
56 silly get     vary: 'Accept-Encoding' } ]
57 silly fetchPackageMetaData Error: Registry returned 404 for GET on https://registry.npmjs.org/pyserial
57 silly fetchPackageMetaData     at makeError (/usr/local/lib/node_modules/npm/node_modules/npm-registry-client/lib/request.js:264:12)
57 silly fetchPackageMetaData     at CachingRegistryClient.<anonymous> (/usr/local/lib/node_modules/npm/node_modules/npm-registry-client/lib/request.js:242:14)
57 silly fetchPackageMetaData     at Request._callback (/usr/local/lib/node_modules/npm/node_modules/npm-registry-client/lib/request.js:172:14)
57 silly fetchPackageMetaData     at Request.self.callback (/usr/local/lib/node_modules/npm/node_modules/request/request.js:200:22)
57 silly fetchPackageMetaData     at emitTwo (events.js:106:13)
57 silly fetchPackageMetaData     at Request.emit (events.js:191:7)
57 silly fetchPackageMetaData     at Request.<anonymous> (/usr/local/lib/node_modules/npm/node_modules/request/request.js:1067:10)
57 silly fetchPackageMetaData     at emitOne (events.js:101:20)
57 silly fetchPackageMetaData     at Request.emit (events.js:188:7)
57 silly fetchPackageMetaData     at IncomingMessage.<anonymous> (/usr/local/lib/node_modules/npm/node_modules/request/request.js:988:12)
57 silly fetchPackageMetaData  error for pyserial { Error: Registry returned 404 for GET on https://registry.npmjs.org/pyserial
57 silly fetchPackageMetaData     at makeError (/usr/local/lib/node_modules/npm/node_modules/npm-registry-client/lib/request.js:264:12)
57 silly fetchPackageMetaData     at CachingRegistryClient.<anonymous> (/usr/local/lib/node_modules/npm/node_modules/npm-registry-client/lib/request.js:242:14)
57 silly fetchPackageMetaData     at Request._callback (/usr/local/lib/node_modules/npm/node_modules/npm-registry-client/lib/request.js:172:14)
57 silly fetchPackageMetaData     at Request.self.callback (/usr/local/lib/node_modules/npm/node_modules/request/request.js:200:22)
57 silly fetchPackageMetaData     at emitTwo (events.js:106:13)
57 silly fetchPackageMetaData     at Request.emit (events.js:191:7)
57 silly fetchPackageMetaData     at Request.<anonymous> (/usr/local/lib/node_modules/npm/node_modules/request/request.js:1067:10)
57 silly fetchPackageMetaData     at emitOne (events.js:101:20)
57 silly fetchPackageMetaData     at Request.emit (events.js:188:7)
57 silly fetchPackageMetaData     at IncomingMessage.<anonymous> (/usr/local/lib/node_modules/npm/node_modules/request/request.js:988:12) pkgid: 'pyserial', statusCode: 404, code: 'E404' }
58 silly rollbackFailedOptional Starting
59 silly rollbackFailedOptional Finishing
60 silly runTopLevelLifecycles Starting
61 silly runTopLevelLifecycles Finishing
62 silly install printInstalled
63 verbose stack Error: Registry returned 404 for GET on https://registry.npmjs.org/pyserial
63 verbose stack     at makeError (/usr/local/lib/node_modules/npm/node_modules/npm-registry-client/lib/request.js:264:12)
63 verbose stack     at CachingRegistryClient.<anonymous> (/usr/local/lib/node_modules/npm/node_modules/npm-registry-client/lib/request.js:242:14)
63 verbose stack     at Request._callback (/usr/local/lib/node_modules/npm/node_modules/npm-registry-client/lib/request.js:172:14)
63 verbose stack     at Request.self.callback (/usr/local/lib/node_modules/npm/node_modules/request/request.js:200:22)
63 verbose stack     at emitTwo (events.js:106:13)
63 verbose stack     at Request.emit (events.js:191:7)
63 verbose stack     at Request.<anonymous> (/usr/local/lib/node_modules/npm/node_modules/request/request.js:1067:10)
63 verbose stack     at emitOne (events.js:101:20)
63 verbose stack     at Request.emit (events.js:188:7)
63 verbose stack     at IncomingMessage.<anonymous> (/usr/local/lib/node_modules/npm/node_modules/request/request.js:988:12)
64 verbose statusCode 404
65 verbose pkgid pyserial
66 verbose cwd /Users/pilssalgi/work/Markup/Practice/dropshadow
67 error Darwin 16.0.0
68 error argv "/usr/local/bin/node" "/usr/local/bin/npm" "install" "pip" "install" "pyserial"
69 error node v6.2.2
70 error npm  v3.9.5
71 error code E404
72 error 404 Registry returned 404 for GET on https://registry.npmjs.org/pyserial
73 error 404
74 error 404 'pyserial' is not in the npm registry.
75 error 404 You should bug the author to publish it (or use the name yourself!)
76 error 404 Note that you can also install from a
77 error 404 tarball, folder, http url, or git url.
78 verbose exit [ 1, true ]
